<?xml version="1.0" encoding="utf-8" standalone="no"?>
<!--This file represents the results of running a test suite-->
<test-results name="C:\Data\Dropbox\Prog\SnoopBreadcrumbs\Tester\Tester.nunit" total="13" errors="0" failures="0" not-run="2" inconclusive="0" ignored="2" skipped="0" invalid="0" date="2012-11-22" time="18:45:24">
  <environment nunit-version="2.6.0.12051" clr-version="4.0.30319.296" os-version="Microsoft Windows NT 6.1.7601 Service Pack 1" platform="Win32NT" cwd="C:\Data\Dropbox\Prog\SnoopBreadcrumbs\Tester" machine-name="LENOVO2012" user="aaron" user-domain="lenovo2012" />
  <culture-info current-culture="en-US" current-uiculture="en-US" />
  <test-suite type="Project" name="C:\Data\Dropbox\Prog\SnoopBreadcrumbs\Tester\Tester.nunit" executed="True" result="Success" success="True" time="6.284" asserts="0">
    <results>
      <test-suite type="Assembly" name="C:\Data\Dropbox\Prog\SnoopBreadcrumbs\Tester\..\bin\Debug\Tester.dll" executed="True" result="Success" success="True" time="6.258" asserts="0">
        <results>
          <test-suite type="Namespace" name="Tester" executed="True" result="Success" success="True" time="6.258" asserts="0">
            <results>
              <test-suite type="TestFixture" name="CommandLineInterpreterTester" executed="True" result="Success" success="True" time="0.172" asserts="0">
                <results>
                  <test-case name="Tester.CommandLineInterpreterTester.ParseCommandLine" executed="True" result="Success" success="True" time="0.080" asserts="3" />
                  <test-case name="Tester.CommandLineInterpreterTester.ParseFailEmpty" executed="True" result="Success" success="True" time="0.001" asserts="1" />
                  <test-case name="Tester.CommandLineInterpreterTester.ParseFailNull" executed="True" result="Success" success="True" time="0.000" asserts="1" />
                  <test-case name="Tester.CommandLineInterpreterTester.ParseIgnores" executed="True" result="Success" success="True" time="0.002" asserts="6" />
                </results>
              </test-suite>
              <test-suite type="TestFixture" name="XmlHelperTester" executed="True" result="Success" success="True" time="6.071" asserts="0">
                <results>
                  <test-case name="Tester.XmlHelperTester.CanConstruct" executed="True" result="Success" success="True" time="0.000" asserts="0" />
                  <test-case name="Tester.XmlHelperTester.ExpandedTag" executed="True" result="Success" success="True" time="5.439" asserts="1" />
                  <test-case name="Tester.XmlHelperTester.MCIgnorable" executed="True" result="Success" success="True" time="0.049" asserts="1" />
                  <test-case name="Tester.XmlHelperTester.MultiNamespaces" executed="True" result="Success" success="True" time="0.010" asserts="1" />
                  <test-case name="Tester.XmlHelperTester.SimpleSetTag" executed="True" result="Success" success="True" time="0.005" asserts="1" />
                  <test-case name="Tester.XmlHelperTester.TestInputOutput" executed="True" result="Success" success="True" time="0.020" asserts="7" />
                  <test-case name="Tester.XmlHelperTester.UnexpectedRootTagReturnsUnchanged" executed="True" result="Success" success="True" time="0.002" asserts="1" />
                  <test-case name="Tester.XmlHelperTester.XClass" executed="False" result="Ignored">
                    <reason>
                      <message><![CDATA[]]></message>
                    </reason>
                  </test-case>
                  <test-case name="Tester.XmlHelperTester.Xml1" executed="True" result="Success" success="True" time="0.003" asserts="1" />
                  <test-case name="Tester.XmlHelperTester.Xml1UnexpectedOrder" executed="True" result="Success" success="True" time="0.003" asserts="1" />
                  <test-case name="Tester.XmlHelperTester.XmlNS" executed="False" result="Ignored">
                    <reason>
                      <message><![CDATA[]]></message>
                    </reason>
                  </test-case>
                </results>
              </test-suite>
            </results>
          </test-suite>
        </results>
      </test-suite>
    </results>
  </test-suite>
</test-results>